\BOOKMARK [0][-]{part.1}{I The Chain Rule}{}% 1
\BOOKMARK [1][-]{section*.1}{The Chain Rule}{part.1}% 2
\BOOKMARK [1][-]{section*.2}{The Chain Rule}{part.1}% 3
\BOOKMARK [1][-]{section*.3}{The Chain Rule}{part.1}% 4
\BOOKMARK [1][-]{section*.4}{The Chain Rule}{part.1}% 5
\BOOKMARK [1][-]{section*.5}{The Chain Rule}{part.1}% 6
\BOOKMARK [0][-]{part.2}{II Optimization}{}% 7
\BOOKMARK [1][-]{section*.6}{Optimization}{part.2}% 8
\BOOKMARK [1][-]{section*.7}{Optimization}{part.2}% 9
\BOOKMARK [1][-]{section*.8}{Optimization}{part.2}% 10
\BOOKMARK [1][-]{section*.9}{Optimization}{part.2}% 11
\BOOKMARK [1][-]{section*.10}{Optimization}{part.2}% 12
\BOOKMARK [0][-]{part.3}{III Integrals from Riemann Sums}{}% 13
\BOOKMARK [1][-]{section*.11}{Integrals from Riemann Sums}{part.3}% 14
\BOOKMARK [1][-]{section*.12}{Integrals from Riemann Sums}{part.3}% 15
\BOOKMARK [1][-]{section*.13}{Integrals from Riemann Sums}{part.3}% 16
\BOOKMARK [1][-]{section*.14}{Integrals from Riemann Sums}{part.3}% 17
\BOOKMARK [1][-]{section*.15}{Integrals from Riemann Sums}{part.3}% 18
\BOOKMARK [0][-]{part.4}{IV Anti-derivatives}{}% 19
\BOOKMARK [1][-]{section*.16}{Antiderivatives}{part.4}% 20
\BOOKMARK [1][-]{section*.17}{Antiderivatives}{part.4}% 21
\BOOKMARK [1][-]{section*.18}{Antiderivatives}{part.4}% 22
\BOOKMARK [1][-]{section*.19}{Antiderivatives}{part.4}% 23
